{"C:\\Users\\image\\Downloads\\SweetShopManagementSystem-main\\SweetShopManagementSystem-main\\backend\\models\\Sweet.js": {"path":"C:\\Users\\image\\Downloads\\SweetShopManagementSystem-main\\SweetShopManagementSystem-main\\backend\\models\\Sweet.js","statementMap":{"0":{"start":{"line":1,"column":17},"end":{"line":1,"column":36}},"1":{"start":{"line":3,"column":20},"end":{"line":50,"column":2}},"2":{"start":{"line":53,"column":0},"end":{"line":57,"column":3}},"3":{"start":{"line":54,"column":2},"end":{"line":54,"column":35}},"4":{"start":{"line":55,"column":2},"end":{"line":55,"column":30}},"5":{"start":{"line":56,"column":2},"end":{"line":56,"column":9}},"6":{"start":{"line":59,"column":0},"end":{"line":59,"column":54}}},"fnMap":{"0":{"name":"(anonymous_0)","decl":{"start":{"line":53,"column":24},"end":{"line":53,"column":25}},"loc":{"start":{"line":53,"column":39},"end":{"line":57,"column":1}},"line":53}},"branchMap":{},"s":{"0":1,"1":1,"2":1,"3":19,"4":19,"5":19,"6":1},"f":{"0":19},"b":{},"_coverageSchema":"1a1c01bbd47fc00a2c39e90264f33305004495a9","hash":"8d25a90a8583b5e9f608794444add5aeebd36ea2"}
}
